d:\jrd\upper-copmuter-master\qwewq\debug\qwewq.pch
d:\jrd\upper-copmuter-master\qwewq\debug\vc141.pdb
d:\jrd\upper-copmuter-master\qwewq\debug\vc141.idb
d:\jrd\upper-copmuter-master\qwewq\debug\stdafx.obj
d:\jrd\upper-copmuter-master\qwewq\debug\qwewqdlg.obj
d:\jrd\upper-copmuter-master\qwewq\debug\qwewq.obj
d:\jrd\upper-copmuter-master\qwewq\debug\mscomm1.obj
d:\jrd\upper-copmuter-master\debug\qwewq.ilk
d:\jrd\upper-copmuter-master\debug\qwewq.exe
d:\jrd\upper-copmuter-master\debug\qwewq.pdb
d:\jrd\upper-copmuter-master\qwewq\debug\qwewq.res
d:\jrd\upper-copmuter-master\qwewq\debug\qwewq.tlog\cl.command.1.tlog
d:\jrd\upper-copmuter-master\qwewq\debug\qwewq.tlog\cl.read.1.tlog
d:\jrd\upper-copmuter-master\qwewq\debug\qwewq.tlog\cl.write.1.tlog
d:\jrd\upper-copmuter-master\qwewq\debug\qwewq.tlog\link.command.1.tlog
d:\jrd\upper-copmuter-master\qwewq\debug\qwewq.tlog\link.read.1.tlog
d:\jrd\upper-copmuter-master\qwewq\debug\qwewq.tlog\link.write.1.tlog
d:\jrd\upper-copmuter-master\qwewq\debug\qwewq.tlog\rc.command.1.tlog
d:\jrd\upper-copmuter-master\qwewq\debug\qwewq.tlog\rc.read.1.tlog
d:\jrd\upper-copmuter-master\qwewq\debug\qwewq.tlog\rc.write.1.tlog
